<?xml version="1.0" encoding="UTF-8"?>
<testng-results skipped="0" failed="0" ignored="0" total="0" passed="0">
  <reporter-output>
  </reporter-output>
  <suite name="LTUmasterProject.LTUmasterProject.AppTest" duration-ms="78" started-at="2022-10-20T10:16:56 IST" finished-at="2022-10-20T10:16:56 IST">
    <groups>
    </groups>
    <test name="Command line test" duration-ms="78" started-at="2022-10-20T10:16:56 IST" finished-at="2022-10-20T10:16:56 IST">
    </test> <!-- Command line test -->
  </suite> <!-- LTUmasterProject.LTUmasterProject.AppTest -->
</testng-results>
